[2024-07-25 05:43:14] local.ERROR: In order to use the Auth::routes() method, please install the laravel/ui package. {"exception":"[object] (RuntimeException(code: 0): In order to use the Auth::routes() method, please install the laravel/ui package. at C:\\Users\\User\\Laundry-app\\vendor\\laravel\\framework\\src\\Illuminate\\Support\\Facades\\Auth.php:93)
[stacktrace]
#0 C:\\Users\\User\\Laundry-app\\routes\\web.php(18): Illuminate\\Support\\Facades\\Auth::routes()
#1 C:\\Users\\User\\Laundry-app\\vendor\\laravel\\framework\\src\\Illuminate\\Routing\\RouteFileRegistrar.php(35): require('C:\\\\Users\\\\User\\\\L...')
#2 C:\\Users\\User\\Laundry-app\\vendor\\laravel\\framework\\src\\Illuminate\\Routing\\Router.php(511): Illuminate\\Routing\\RouteFileRegistrar->register('C:\\\\Users\\\\User\\\\L...')
#3 C:\\Users\\User\\Laundry-app\\vendor\\laravel\\framework\\src\\Illuminate\\Routing\\Router.php(465): Illuminate\\Routing\\Router->loadRoutes('C:\\\\Users\\\\User\\\\L...')
#4 C:\\Users\\User\\Laundry-app\\vendor\\laravel\\framework\\src\\Illuminate\\Routing\\RouteRegistrar.php(194): Illuminate\\Routing\\Router->group(Array, 'C:\\\\Users\\\\User\\\\L...')
#5 C:\\Users\\User\\Laundry-app\\vendor\\laravel\\framework\\src\\Illuminate\\Foundation\\Configuration\\ApplicationBuilder.php(206): Illuminate\\Routing\\RouteRegistrar->group('C:\\\\Users\\\\User\\\\L...')
#6 C:\\Users\\User\\Laundry-app\\vendor\\laravel\\framework\\src\\Illuminate\\Container\\BoundMethod.php(36): Illuminate\\Foundation\\Configuration\\ApplicationBuilder->Illuminate\\Foundation\\Configuration\\{closure}()
#7 C:\\Users\\User\\Laundry-app\\vendor\\laravel\\framework\\src\\Illuminate\\Container\\Util.php(41): Illuminate\\Container\\BoundMethod::Illuminate\\Container\\{closure}()
#8 C:\\Users\\User\\Laundry-app\\vendor\\laravel\\framework\\src\\Illuminate\\Container\\BoundMethod.php(81): Illuminate\\Container\\Util::unwrapIfClosure(Object(Closure))
#9 C:\\Users\\User\\Laundry-app\\vendor\\laravel\\framework\\src\\Illuminate\\Container\\BoundMethod.php(35): Illuminate\\Container\\BoundMethod::callBoundMethod(Object(Illuminate\\Foundation\\Application), Object(Closure), Object(Closure))
#10 C:\\Users\\User\\Laundry-app\\vendor\\laravel\\framework\\src\\Illuminate\\Container\\Container.php(662): Illuminate\\Container\\BoundMethod::call(Object(Illuminate\\Foundation\\Application), Object(Closure), Array, NULL)
#11 C:\\Users\\User\\Laundry-app\\vendor\\laravel\\framework\\src\\Illuminate\\Foundation\\Support\\Providers\\RouteServiceProvider.php(162): Illuminate\\Container\\Container->call(Object(Closure))
#12 C:\\Users\\User\\Laundry-app\\vendor\\laravel\\framework\\src\\Illuminate\\Foundation\\Support\\Providers\\RouteServiceProvider.php(59): Illuminate\\Foundation\\Support\\Providers\\RouteServiceProvider->loadRoutes()
#13 C:\\Users\\User\\Laundry-app\\vendor\\laravel\\framework\\src\\Illuminate\\Container\\BoundMethod.php(36): Illuminate\\Foundation\\Support\\Providers\\RouteServiceProvider->Illuminate\\Foundation\\Support\\Providers\\{closure}()
#14 C:\\Users\\User\\Laundry-app\\vendor\\laravel\\framework\\src\\Illuminate\\Container\\Util.php(41): Illuminate\\Container\\BoundMethod::Illuminate\\Container\\{closure}()
#15 C:\\Users\\User\\Laundry-app\\vendor\\laravel\\framework\\src\\Illuminate\\Container\\BoundMethod.php(81): Illuminate\\Container\\Util::unwrapIfClosure(Object(Closure))
#16 C:\\Users\\User\\Laundry-app\\vendor\\laravel\\framework\\src\\Illuminate\\Container\\BoundMethod.php(35): Illuminate\\Container\\BoundMethod::callBoundMethod(Object(Illuminate\\Foundation\\Application), Object(Closure), Object(Closure))
#17 C:\\Users\\User\\Laundry-app\\vendor\\laravel\\framework\\src\\Illuminate\\Container\\Container.php(662): Illuminate\\Container\\BoundMethod::call(Object(Illuminate\\Foundation\\Application), Object(Closure), Array, NULL)
#18 C:\\Users\\User\\Laundry-app\\vendor\\laravel\\framework\\src\\Illuminate\\Support\\ServiceProvider.php(126): Illuminate\\Container\\Container->call(Object(Closure))
#19 C:\\Users\\User\\Laundry-app\\vendor\\laravel\\framework\\src\\Illuminate\\Foundation\\Application.php(1106): Illuminate\\Support\\ServiceProvider->callBootedCallbacks()
#20 C:\\Users\\User\\Laundry-app\\vendor\\laravel\\framework\\src\\Illuminate\\Foundation\\Application.php(1084): Illuminate\\Foundation\\Application->bootProvider(Object(Illuminate\\Foundation\\Support\\Providers\\RouteServiceProvider))
#21 [internal function]: Illuminate\\Foundation\\Application->Illuminate\\Foundation\\{closure}(Object(Illuminate\\Foundation\\Support\\Providers\\RouteServiceProvider), 22)
#22 C:\\Users\\User\\Laundry-app\\vendor\\laravel\\framework\\src\\Illuminate\\Foundation\\Application.php(1083): array_walk(Array, Object(Closure))
#23 C:\\Users\\User\\Laundry-app\\vendor\\laravel\\framework\\src\\Illuminate\\Foundation\\Bootstrap\\BootProviders.php(17): Illuminate\\Foundation\\Application->boot()
#24 C:\\Users\\User\\Laundry-app\\vendor\\laravel\\framework\\src\\Illuminate\\Foundation\\Application.php(309): Illuminate\\Foundation\\Bootstrap\\BootProviders->bootstrap(Object(Illuminate\\Foundation\\Application))
#25 C:\\Users\\User\\Laundry-app\\vendor\\laravel\\framework\\src\\Illuminate\\Foundation\\Console\\Kernel.php(470): Illuminate\\Foundation\\Application->bootstrapWith(Array)
#26 C:\\Users\\User\\Laundry-app\\vendor\\laravel\\framework\\src\\Illuminate\\Foundation\\Console\\Kernel.php(194): Illuminate\\Foundation\\Console\\Kernel->bootstrap()
#27 C:\\Users\\User\\Laundry-app\\vendor\\laravel\\framework\\src\\Illuminate\\Foundation\\Application.php(1187): Illuminate\\Foundation\\Console\\Kernel->handle(Object(Symfony\\Component\\Console\\Input\\ArgvInput), Object(Symfony\\Component\\Console\\Output\\ConsoleOutput))
#28 C:\\Users\\User\\Laundry-app\\artisan(13): Illuminate\\Foundation\\Application->handleCommand(Object(Symfony\\Component\\Console\\Input\\ArgvInput))
#29 {main}
"} 
[2024-07-25 05:51:49] local.ERROR: In order to use the Auth::routes() method, please install the laravel/ui package. {"exception":"[object] (RuntimeException(code: 0): In order to use the Auth::routes() method, please install the laravel/ui package. at C:\\Users\\User\\Laundry-app\\vendor\\laravel\\framework\\src\\Illuminate\\Support\\Facades\\Auth.php:93)
[stacktrace]
#0 C:\\Users\\User\\Laundry-app\\routes\\web.php(18): Illuminate\\Support\\Facades\\Auth::routes()
#1 C:\\Users\\User\\Laundry-app\\vendor\\laravel\\framework\\src\\Illuminate\\Routing\\RouteFileRegistrar.php(35): require('C:\\\\Users\\\\User\\\\L...')
#2 C:\\Users\\User\\Laundry-app\\vendor\\laravel\\framework\\src\\Illuminate\\Routing\\Router.php(511): Illuminate\\Routing\\RouteFileRegistrar->register('C:\\\\Users\\\\User\\\\L...')
#3 C:\\Users\\User\\Laundry-app\\vendor\\laravel\\framework\\src\\Illuminate\\Routing\\Router.php(465): Illuminate\\Routing\\Router->loadRoutes('C:\\\\Users\\\\User\\\\L...')
#4 C:\\Users\\User\\Laundry-app\\vendor\\laravel\\framework\\src\\Illuminate\\Routing\\RouteRegistrar.php(194): Illuminate\\Routing\\Router->group(Array, 'C:\\\\Users\\\\User\\\\L...')
#5 C:\\Users\\User\\Laundry-app\\vendor\\laravel\\framework\\src\\Illuminate\\Foundation\\Configuration\\ApplicationBuilder.php(206): Illuminate\\Routing\\RouteRegistrar->group('C:\\\\Users\\\\User\\\\L...')
#6 C:\\Users\\User\\Laundry-app\\vendor\\laravel\\framework\\src\\Illuminate\\Container\\BoundMethod.php(36): Illuminate\\Foundation\\Configuration\\ApplicationBuilder->Illuminate\\Foundation\\Configuration\\{closure}()
#7 C:\\Users\\User\\Laundry-app\\vendor\\laravel\\framework\\src\\Illuminate\\Container\\Util.php(41): Illuminate\\Container\\BoundMethod::Illuminate\\Container\\{closure}()
#8 C:\\Users\\User\\Laundry-app\\vendor\\laravel\\framework\\src\\Illuminate\\Container\\BoundMethod.php(81): Illuminate\\Container\\Util::unwrapIfClosure(Object(Closure))
#9 C:\\Users\\User\\Laundry-app\\vendor\\laravel\\framework\\src\\Illuminate\\Container\\BoundMethod.php(35): Illuminate\\Container\\BoundMethod::callBoundMethod(Object(Illuminate\\Foundation\\Application), Object(Closure), Object(Closure))
#10 C:\\Users\\User\\Laundry-app\\vendor\\laravel\\framework\\src\\Illuminate\\Container\\Container.php(662): Illuminate\\Container\\BoundMethod::call(Object(Illuminate\\Foundation\\Application), Object(Closure), Array, NULL)
#11 C:\\Users\\User\\Laundry-app\\vendor\\laravel\\framework\\src\\Illuminate\\Foundation\\Support\\Providers\\RouteServiceProvider.php(162): Illuminate\\Container\\Container->call(Object(Closure))
#12 C:\\Users\\User\\Laundry-app\\vendor\\laravel\\framework\\src\\Illuminate\\Foundation\\Support\\Providers\\RouteServiceProvider.php(59): Illuminate\\Foundation\\Support\\Providers\\RouteServiceProvider->loadRoutes()
#13 C:\\Users\\User\\Laundry-app\\vendor\\laravel\\framework\\src\\Illuminate\\Container\\BoundMethod.php(36): Illuminate\\Foundation\\Support\\Providers\\RouteServiceProvider->Illuminate\\Foundation\\Support\\Providers\\{closure}()
#14 C:\\Users\\User\\Laundry-app\\vendor\\laravel\\framework\\src\\Illuminate\\Container\\Util.php(41): Illuminate\\Container\\BoundMethod::Illuminate\\Container\\{closure}()
#15 C:\\Users\\User\\Laundry-app\\vendor\\laravel\\framework\\src\\Illuminate\\Container\\BoundMethod.php(81): Illuminate\\Container\\Util::unwrapIfClosure(Object(Closure))
#16 C:\\Users\\User\\Laundry-app\\vendor\\laravel\\framework\\src\\Illuminate\\Container\\BoundMethod.php(35): Illuminate\\Container\\BoundMethod::callBoundMethod(Object(Illuminate\\Foundation\\Application), Object(Closure), Object(Closure))
#17 C:\\Users\\User\\Laundry-app\\vendor\\laravel\\framework\\src\\Illuminate\\Container\\Container.php(662): Illuminate\\Container\\BoundMethod::call(Object(Illuminate\\Foundation\\Application), Object(Closure), Array, NULL)
#18 C:\\Users\\User\\Laundry-app\\vendor\\laravel\\framework\\src\\Illuminate\\Support\\ServiceProvider.php(126): Illuminate\\Container\\Container->call(Object(Closure))
#19 C:\\Users\\User\\Laundry-app\\vendor\\laravel\\framework\\src\\Illuminate\\Foundation\\Application.php(1106): Illuminate\\Support\\ServiceProvider->callBootedCallbacks()
#20 C:\\Users\\User\\Laundry-app\\vendor\\laravel\\framework\\src\\Illuminate\\Foundation\\Application.php(1084): Illuminate\\Foundation\\Application->bootProvider(Object(Illuminate\\Foundation\\Support\\Providers\\RouteServiceProvider))
#21 [internal function]: Illuminate\\Foundation\\Application->Illuminate\\Foundation\\{closure}(Object(Illuminate\\Foundation\\Support\\Providers\\RouteServiceProvider), 22)
#22 C:\\Users\\User\\Laundry-app\\vendor\\laravel\\framework\\src\\Illuminate\\Foundation\\Application.php(1083): array_walk(Array, Object(Closure))
#23 C:\\Users\\User\\Laundry-app\\vendor\\laravel\\framework\\src\\Illuminate\\Foundation\\Bootstrap\\BootProviders.php(17): Illuminate\\Foundation\\Application->boot()
#24 C:\\Users\\User\\Laundry-app\\vendor\\laravel\\framework\\src\\Illuminate\\Foundation\\Application.php(309): Illuminate\\Foundation\\Bootstrap\\BootProviders->bootstrap(Object(Illuminate\\Foundation\\Application))
#25 C:\\Users\\User\\Laundry-app\\vendor\\laravel\\framework\\src\\Illuminate\\Foundation\\Console\\Kernel.php(470): Illuminate\\Foundation\\Application->bootstrapWith(Array)
#26 C:\\Users\\User\\Laundry-app\\vendor\\laravel\\framework\\src\\Illuminate\\Foundation\\Console\\Kernel.php(194): Illuminate\\Foundation\\Console\\Kernel->bootstrap()
#27 C:\\Users\\User\\Laundry-app\\vendor\\laravel\\framework\\src\\Illuminate\\Foundation\\Application.php(1187): Illuminate\\Foundation\\Console\\Kernel->handle(Object(Symfony\\Component\\Console\\Input\\ArgvInput), Object(Symfony\\Component\\Console\\Output\\ConsoleOutput))
#28 C:\\Users\\User\\Laundry-app\\artisan(13): Illuminate\\Foundation\\Application->handleCommand(Object(Symfony\\Component\\Console\\Input\\ArgvInput))
#29 {main}
"} 
[2024-07-25 05:53:47] local.ERROR: In order to use the Auth::routes() method, please install the laravel/ui package. {"exception":"[object] (RuntimeException(code: 0): In order to use the Auth::routes() method, please install the laravel/ui package. at C:\\Users\\User\\Laundry-app\\vendor\\laravel\\framework\\src\\Illuminate\\Support\\Facades\\Auth.php:93)
[stacktrace]
#0 C:\\Users\\User\\Laundry-app\\routes\\web.php(18): Illuminate\\Support\\Facades\\Auth::routes()
#1 C:\\Users\\User\\Laundry-app\\vendor\\laravel\\framework\\src\\Illuminate\\Routing\\RouteFileRegistrar.php(35): require('C:\\\\Users\\\\User\\\\L...')
#2 C:\\Users\\User\\Laundry-app\\vendor\\laravel\\framework\\src\\Illuminate\\Routing\\Router.php(511): Illuminate\\Routing\\RouteFileRegistrar->register('C:\\\\Users\\\\User\\\\L...')
#3 C:\\Users\\User\\Laundry-app\\vendor\\laravel\\framework\\src\\Illuminate\\Routing\\Router.php(465): Illuminate\\Routing\\Router->loadRoutes('C:\\\\Users\\\\User\\\\L...')
#4 C:\\Users\\User\\Laundry-app\\vendor\\laravel\\framework\\src\\Illuminate\\Routing\\RouteRegistrar.php(194): Illuminate\\Routing\\Router->group(Array, 'C:\\\\Users\\\\User\\\\L...')
#5 C:\\Users\\User\\Laundry-app\\vendor\\laravel\\framework\\src\\Illuminate\\Foundation\\Configuration\\ApplicationBuilder.php(206): Illuminate\\Routing\\RouteRegistrar->group('C:\\\\Users\\\\User\\\\L...')
#6 C:\\Users\\User\\Laundry-app\\vendor\\laravel\\framework\\src\\Illuminate\\Container\\BoundMethod.php(36): Illuminate\\Foundation\\Configuration\\ApplicationBuilder->Illuminate\\Foundation\\Configuration\\{closure}()
#7 C:\\Users\\User\\Laundry-app\\vendor\\laravel\\framework\\src\\Illuminate\\Container\\Util.php(41): Illuminate\\Container\\BoundMethod::Illuminate\\Container\\{closure}()
#8 C:\\Users\\User\\Laundry-app\\vendor\\laravel\\framework\\src\\Illuminate\\Container\\BoundMethod.php(81): Illuminate\\Container\\Util::unwrapIfClosure(Object(Closure))
#9 C:\\Users\\User\\Laundry-app\\vendor\\laravel\\framework\\src\\Illuminate\\Container\\BoundMethod.php(35): Illuminate\\Container\\BoundMethod::callBoundMethod(Object(Illuminate\\Foundation\\Application), Object(Closure), Object(Closure))
#10 C:\\Users\\User\\Laundry-app\\vendor\\laravel\\framework\\src\\Illuminate\\Container\\Container.php(662): Illuminate\\Container\\BoundMethod::call(Object(Illuminate\\Foundation\\Application), Object(Closure), Array, NULL)
#11 C:\\Users\\User\\Laundry-app\\vendor\\laravel\\framework\\src\\Illuminate\\Foundation\\Support\\Providers\\RouteServiceProvider.php(162): Illuminate\\Container\\Container->call(Object(Closure))
#12 C:\\Users\\User\\Laundry-app\\vendor\\laravel\\framework\\src\\Illuminate\\Foundation\\Support\\Providers\\RouteServiceProvider.php(59): Illuminate\\Foundation\\Support\\Providers\\RouteServiceProvider->loadRoutes()
#13 C:\\Users\\User\\Laundry-app\\vendor\\laravel\\framework\\src\\Illuminate\\Container\\BoundMethod.php(36): Illuminate\\Foundation\\Support\\Providers\\RouteServiceProvider->Illuminate\\Foundation\\Support\\Providers\\{closure}()
#14 C:\\Users\\User\\Laundry-app\\vendor\\laravel\\framework\\src\\Illuminate\\Container\\Util.php(41): Illuminate\\Container\\BoundMethod::Illuminate\\Container\\{closure}()
#15 C:\\Users\\User\\Laundry-app\\vendor\\laravel\\framework\\src\\Illuminate\\Container\\BoundMethod.php(81): Illuminate\\Container\\Util::unwrapIfClosure(Object(Closure))
#16 C:\\Users\\User\\Laundry-app\\vendor\\laravel\\framework\\src\\Illuminate\\Container\\BoundMethod.php(35): Illuminate\\Container\\BoundMethod::callBoundMethod(Object(Illuminate\\Foundation\\Application), Object(Closure), Object(Closure))
#17 C:\\Users\\User\\Laundry-app\\vendor\\laravel\\framework\\src\\Illuminate\\Container\\Container.php(662): Illuminate\\Container\\BoundMethod::call(Object(Illuminate\\Foundation\\Application), Object(Closure), Array, NULL)
#18 C:\\Users\\User\\Laundry-app\\vendor\\laravel\\framework\\src\\Illuminate\\Support\\ServiceProvider.php(126): Illuminate\\Container\\Container->call(Object(Closure))
#19 C:\\Users\\User\\Laundry-app\\vendor\\laravel\\framework\\src\\Illuminate\\Foundation\\Application.php(1106): Illuminate\\Support\\ServiceProvider->callBootedCallbacks()
#20 C:\\Users\\User\\Laundry-app\\vendor\\laravel\\framework\\src\\Illuminate\\Foundation\\Application.php(1084): Illuminate\\Foundation\\Application->bootProvider(Object(Illuminate\\Foundation\\Support\\Providers\\RouteServiceProvider))
#21 [internal function]: Illuminate\\Foundation\\Application->Illuminate\\Foundation\\{closure}(Object(Illuminate\\Foundation\\Support\\Providers\\RouteServiceProvider), 22)
#22 C:\\Users\\User\\Laundry-app\\vendor\\laravel\\framework\\src\\Illuminate\\Foundation\\Application.php(1083): array_walk(Array, Object(Closure))
#23 C:\\Users\\User\\Laundry-app\\vendor\\laravel\\framework\\src\\Illuminate\\Foundation\\Bootstrap\\BootProviders.php(17): Illuminate\\Foundation\\Application->boot()
#24 C:\\Users\\User\\Laundry-app\\vendor\\laravel\\framework\\src\\Illuminate\\Foundation\\Application.php(309): Illuminate\\Foundation\\Bootstrap\\BootProviders->bootstrap(Object(Illuminate\\Foundation\\Application))
#25 C:\\Users\\User\\Laundry-app\\vendor\\laravel\\framework\\src\\Illuminate\\Foundation\\Console\\Kernel.php(470): Illuminate\\Foundation\\Application->bootstrapWith(Array)
#26 C:\\Users\\User\\Laundry-app\\vendor\\laravel\\framework\\src\\Illuminate\\Foundation\\Console\\Kernel.php(194): Illuminate\\Foundation\\Console\\Kernel->bootstrap()
#27 C:\\Users\\User\\Laundry-app\\vendor\\laravel\\framework\\src\\Illuminate\\Foundation\\Application.php(1187): Illuminate\\Foundation\\Console\\Kernel->handle(Object(Symfony\\Component\\Console\\Input\\ArgvInput), Object(Symfony\\Component\\Console\\Output\\ConsoleOutput))
#28 C:\\Users\\User\\Laundry-app\\artisan(13): Illuminate\\Foundation\\Application->handleCommand(Object(Symfony\\Component\\Console\\Input\\ArgvInput))
#29 {main}
"} 
